Flow05               2.5112098E-01
Flow08               4.8330055E-01
fcob05               3.9986811E-01
fcob06               2.1005384E-01
fcob08               3.5141214E-01
orgn05               4.5874404E+01
orgn06               8.1593477E+00
orgn08               2.1085435E+01
nh405                9.3632269E+01
nh406                7.0537455E+01
nh408                5.9236883E+01
no305                1.5773855E+01
no306                8.2865966E+00
no308                8.4299609E+00
orgp05               1.5773855E+01
orgp06               8.2865966E+00
orgp08               8.4299609E+00
inorgp05             8.1522263E-01
inorgp06             5.5931911E-01
inorgp08             6.8454394E-01
doave0500            8.6267240E+00
doave0600            8.5624838E+00
doave0800            8.3473463E+00
doave0501            8.6469298E+00
doave0601            8.5676699E+00
doave0801            8.3266767E+00
doave0502            8.6737223E+00
doave0602            8.5810217E+00
doave0802            8.3258080E+00
doave0503            8.7103913E+00
doave0603            8.6039385E+00
doave0803            8.3408028E+00
doave0504            8.7515422E+00
doave0604            8.6336978E+00
doave0804            8.3683061E+00
doave0505            8.7908487E+00
doave0605            8.6655563E+00
doave0805            8.4016606E+00
doave0506            8.8416250E+00
doave0606            8.7066513E+00
doave0806            8.4652970E+00
doave0507            9.0386298E+00
doave0607            8.7820188E+00
doave0807            8.9014393E+00
doave0508            9.7959593E+00
doave0608            8.9353858E+00
doave0808            9.5813557E+00
doave0509            1.0782022E+01
doave0609            9.1234647E+00
doave0809            9.9361947E+00
doave0510            1.0841820E+01
doave0610            9.2115890E+00
doave0810            9.9690939E+00
doave0511            1.0515012E+01
doave0611            9.2447376E+00
doave0811            9.8939898E+00
doave0512            1.0113316E+01
doave0612            9.2378887E+00
doave0812            9.7620711E+00
doave0513            9.7514044E+00
doave0613            9.1882498E+00
doave0813            9.5981679E+00
doave0514            9.4680667E+00
doave0614            9.1193529E+00
doave0814            9.4422198E+00
doave0515            9.2211617E+00
doave0615            9.0286675E+00
doave0815            9.2757023E+00
doave0516            9.0789389E+00
doave0616            8.9331255E+00
doave0816            9.1344440E+00
doave0517            9.0012610E+00
doave0617            8.8546408E+00
doave0817            9.0307453E+00
doave0518            8.9432942E+00
doave0618            8.7807584E+00
doave0818            8.9329497E+00
doave0519            8.8412482E+00
doave0619            8.7179574E+00
doave0819            8.8292772E+00
doave0520            8.7249289E+00
doave0620            8.6647895E+00
doave0820            8.7056896E+00
doave0521            8.6491336E+00
doave0621            8.6158097E+00
doave0821            8.5620782E+00
doave0522            8.6185837E+00
doave0622            8.5830596E+00
doave0822            8.4551303E+00
doave0523            8.6144802E+00
doave0623            8.5665781E+00
doave0823            8.3888566E+00
domin0500            8.6215035E+00
domin0600            8.5621249E+00
domin0800            8.3365944E+00
domin0501            8.6401670E+00
domin0601            8.5649894E+00
domin0801            8.3244017E+00
domin0502            8.6647706E+00
domin0602            8.5760389E+00
domin0802            8.3241257E+00
domin0503            8.6961954E+00
domin0603            8.5944914E+00
domin0803            8.3332683E+00
domin0504            8.7399661E+00
domin0604            8.6248377E+00
domin0804            8.3594974E+00
domin0505            8.7789365E+00
domin0605            8.6555057E+00
domin0805            8.3908159E+00
domin0506            8.8186494E+00
domin0606            8.6898405E+00
domin0806            8.4283444E+00
domin0507            8.9465160E+00
domin0607            8.7558211E+00
domin0807            8.7052917E+00
domin0508            9.3630286E+00
domin0608            8.8613341E+00
domin0808            9.3894212E+00
domin0509            1.0558556E+01
domin0609            9.0726206E+00
domin0809            9.8776465E+00
domin0510            1.0762018E+01
domin0610            9.1952232E+00
domin0810            9.9548064E+00
domin0511            1.0404411E+01
domin0611            9.2394746E+00
domin0811            9.8627813E+00
domin0512            9.9741067E+00
domin0612            9.2255779E+00
domin0812            9.7062387E+00
domin0513            9.6601802E+00
domin0613            9.1697800E+00
domin0813            9.5511952E+00
domin0514            9.3919034E+00
domin0614            9.0960985E+00
domin0814            9.3959792E+00
domin0515            9.1546917E+00
domin0615            8.9938430E+00
domin0815            9.2194289E+00
domin0516            9.0533055E+00
domin0616            8.9081418E+00
domin0816            9.1006272E+00
domin0517            8.9811208E+00
domin0617            8.8329620E+00
domin0817            9.0028292E+00
domin0518            8.9250077E+00
domin0618            8.7568624E+00
domin0818            8.8990934E+00
domin0519            8.8004144E+00
domin0619            8.7016673E+00
domin0819            8.7965771E+00
domin0520            8.6967138E+00
domin0620            8.6493960E+00
domin0820            8.6629819E+00
domin0521            8.6328731E+00
domin0621            8.6015694E+00
domin0821            8.5177030E+00
domin0522            8.6150928E+00
domin0622            8.5765789E+00
domin0822            8.4317051E+00
domin0523            8.6136514E+00
domin0623            8.5635613E+00
domin0823            8.3733921E+00
domax0500            8.6325984E+00
domax0600            8.5628619E+00
domax0800            8.3596784E+00
domax0501            8.6540126E+00
domax0601            8.5706743E+00
domax0801            8.3296241E+00
domax0502            8.6829250E+00
domax0602            8.5862885E+00
domax0802            8.3280402E+00
domax0503            8.7248833E+00
domax0603            8.6138495E+00
domax0803            8.3491829E+00
domax0504            8.7631837E+00
domax0604            8.6427358E+00
domax0804            8.3774232E+00
domax0505            8.8027719E+00
domax0605            8.6757398E+00
domax0805            8.4127279E+00
domax0506            8.8740518E+00
domax0606            8.7265983E+00
domax0806            8.5298923E+00
domax0507            9.1421869E+00
domax0607            8.8103222E+00
domax0807            9.1077171E+00
domax0508            1.0192168E+01
domax0608            9.0040010E+00
domax0808            9.7487426E+00
domax0509            1.0917900E+01
domax0609            9.1659714E+00
domax0809            9.9748467E+00
domax0510            1.0906830E+01
domax0610            9.2263184E+00
domax0810            9.9795803E+00
domax0511            1.0621826E+01
domax0611            9.2484153E+00
domax0811            9.9233735E+00
domax0512            1.0254544E+01
domax0612            9.2469566E+00
domax0812            9.8150947E+00
domax0513            9.8441071E+00
domax0613            9.2059587E+00
domax0813            9.6451013E+00
domax0514            9.5464410E+00
domax0614            9.1420784E+00
domax0814            9.4886562E+00
domax0515            9.2988503E+00
domax0615            9.0631396E+00
domax0815            9.3350410E+00
domax0516            9.1068931E+00
domax0616            8.9585658E+00
domax0816            9.1691436E+00
domax0517            9.0252775E+00
domax0617            8.8767728E+00
domax0817            9.0592268E+00
domax0518            8.9641197E+00
domax0618            8.8059873E+00
domax0818            8.9677975E+00
domax0519            8.8852097E+00
domax0619            8.7345444E+00
domax0819            8.8615933E+00
domax0520            8.7550987E+00
domax0620            8.6806064E+00
domax0820            8.7479638E+00
domax0521            8.6683909E+00
domax0621            8.6311673E+00
domax0821            8.6091137E+00
domax0522            8.6229165E+00
domax0622            8.5900383E+00
domax0822            8.4797149E+00
domax0523            8.6158080E+00
domax0623            8.5700257E+00
domax0823            8.4053019E+00
tempave0500          1.9534009E+01
tempave0600          2.0782947E+01
tempave0800          2.0203220E+01
tempave0501          1.9124847E+01
tempave0601          2.0418083E+01
tempave0801          1.9865303E+01
tempave0502          1.8746552E+01
tempave0602          2.0075960E+01
tempave0802          1.9545256E+01
tempave0503          1.8346969E+01
tempave0603          1.9703523E+01
tempave0803          1.9196652E+01
tempave0504          1.7984328E+01
tempave0604          1.9350457E+01
tempave0804          1.8868746E+01
tempave0505          1.7689098E+01
tempave0605          1.9050523E+01
tempave0805          1.8592847E+01
tempave0506          1.7409851E+01
tempave0606          1.8751039E+01
tempave0806          1.8322583E+01
tempave0507          1.7191535E+01
tempave0607          1.8496259E+01
tempave0807          1.8125120E+01
tempave0508          1.7106523E+01
tempave0608          1.8348508E+01
tempave0808          1.8076749E+01
tempave0509          1.7256608E+01
tempave0609          1.8407397E+01
tempave0809          1.8210929E+01
tempave0510          1.7667474E+01
tempave0610          1.8721450E+01
tempave0810          1.8539183E+01
tempave0511          1.8371900E+01
tempave0611          1.9236104E+01
tempave0811          1.9030507E+01
tempave0512          1.9623470E+01
tempave0612          2.0173622E+01
tempave0812          1.9805892E+01
tempave0513          2.1078036E+01
tempave0613          2.1176619E+01
tempave0813          2.0669526E+01
tempave0514          2.2264312E+01
tempave0614          2.1859032E+01
tempave0814          2.1328114E+01
tempave0515          2.2895013E+01
tempave0615          2.2517683E+01
tempave0815          2.1811539E+01
tempave0516          2.2869359E+01
tempave0616          2.2886658E+01
tempave0816          2.1989437E+01
tempave0517          2.2666560E+01
tempave0617          2.2948010E+01
tempave0817          2.2063127E+01
tempave0518          2.2219274E+01
tempave0618          2.2828628E+01
tempave0818          2.2002941E+01
tempave0519          2.1702018E+01
tempave0619          2.2529030E+01
tempave0819          2.1778594E+01
tempave0520          2.1235632E+01
tempave0620          2.2200434E+01
tempave0820          2.1492604E+01
tempave0521          2.0769910E+01
tempave0621          2.1834953E+01
tempave0821          2.1163099E+01
tempave0522          2.0323974E+01
tempave0622          2.1469219E+01
tempave0822          2.0830518E+01
tempave0523          1.9931024E+01
tempave0623          2.1135383E+01
tempave0823          2.0524843E+01
tempmin0500          1.9389104E+01
tempmin0600          2.0653594E+01
tempmin0800          2.0084356E+01
tempmin0501          1.9010878E+01
tempmin0601          2.0315969E+01
tempmin0801          1.9769982E+01
tempmin0502          1.8634469E+01
tempmin0602          1.9973170E+01
tempmin0802          1.9448935E+01
tempmin0503          1.8209266E+01
tempmin0603          1.9571793E+01
tempmin0803          1.9073853E+01
tempmin0504          1.7891576E+01
tempmin0604          1.9257812E+01
tempmin0804          1.8783176E+01
tempmin0505          1.7606798E+01
tempmin0605          1.8964591E+01
tempmin0805          1.8514376E+01
tempmin0506          1.7320110E+01
tempmin0606          1.8650845E+01
tempmin0806          1.8235337E+01
tempmin0507          1.7143962E+01
tempmin0607          1.8435191E+01
tempmin0807          1.8090378E+01
tempmin0508          1.7096223E+01
tempmin0608          1.8335356E+01
tempmin0808          1.8065330E+01
tempmin0509          1.7160738E+01
tempmin0609          1.8338704E+01
tempmin0809          1.8139256E+01
tempmin0510          1.7512946E+01
tempmin0610          1.8602090E+01
tempmin0810          1.8414892E+01
tempmin0511          1.8059648E+01
tempmin0611          1.9031291E+01
tempmin0811          1.8856531E+01
tempmin0512          1.9089902E+01
tempmin0612          1.9741164E+01
tempmin0812          1.9460667E+01
tempmin0513          2.0672401E+01
tempmin0613          2.0967172E+01
tempmin0813          2.0463363E+01
tempmin0514          2.1946580E+01
tempmin0614          2.1659974E+01
tempmin0814          2.1137998E+01
tempmin0515          2.2891249E+01
tempmin0615          2.2299667E+01
tempmin0815          2.1732957E+01
tempmin0516          2.2842830E+01
tempmin0616          2.2850339E+01
tempmin0816          2.1951973E+01
tempmin0517          2.2549419E+01
tempmin0617          2.2945405E+01
tempmin0817          2.2052306E+01
tempmin0518          2.2044057E+01
tempmin0618          2.2736354E+01
tempmin0818          2.1943773E+01
tempmin0519          2.1554249E+01
tempmin0619          2.2432774E+01
tempmin0819          2.1697492E+01
tempmin0520          2.1104050E+01
tempmin0620          2.2099961E+01
tempmin0820          2.1402494E+01
tempmin0521          2.0606183E+01
tempmin0621          2.1702604E+01
tempmin0821          2.1043214E+01
tempmin0522          2.0203965E+01
tempmin0622          2.1368786E+01
tempmin0822          2.0738702E+01
tempmin0523          1.9818008E+01
tempmin0623          2.1036984E+01
tempmin0823          2.0434855E+01
tempmax0500          1.9676095E+01
tempmax0600          2.0910294E+01
tempmax0800          2.0319645E+01
tempmax0501          1.9238732E+01
tempmax0601          2.0519884E+01
tempmax0801          1.9960236E+01
tempmax0502          1.8859153E+01
tempmax0602          2.0178846E+01
tempmax0802          1.9641653E+01
tempmax0503          1.8487646E+01
tempmax0603          1.9836853E+01
tempmax0803          1.9321188E+01
tempmax0504          1.8078325E+01
tempmax0604          1.9443871E+01
tempmax0804          1.8955123E+01
tempmax0505          1.7773045E+01
tempmax0605          1.9137537E+01
tempmax0805          1.8672475E+01
tempmax0506          1.7503826E+01
tempmax0606          1.8854573E+01
tempmax0806          1.8414585E+01
tempmax0507          1.7241770E+01
tempmax0607          1.8559348E+01
tempmax0807          1.8164310E+01
tempmax0508          1.7120890E+01
tempmax0608          1.8365606E+01
tempmax0808          1.8093614E+01
tempmax0509          1.7360308E+01
tempmax0609          1.8485153E+01
tempmax0809          1.8292372E+01
tempmax0510          1.7824222E+01
tempmax0610          1.8844691E+01
tempmax0810          1.8667364E+01
tempmax0511          1.8680196E+01
tempmax0611          1.9443419E+01
tempmax0811          1.9207131E+01
tempmax0512          2.0143376E+01
tempmax0612          2.0603876E+01
tempmax0812          2.0149494E+01
tempmax0513          2.1471759E+01
tempmax0613          2.1385712E+01
tempmax0813          2.0874072E+01
tempmax0514          2.2570379E+01
tempmax0614          2.2054854E+01
tempmax0814          2.1514428E+01
tempmax0515          2.2899773E+01
tempmax0615          2.2722609E+01
tempmax0815          2.1887255E+01
tempmax0516          2.2894121E+01
tempmax0616          2.2919355E+01
tempmax0816          2.2023300E+01
tempmax0517          2.2786112E+01
tempmax0617          2.2950563E+01
tempmax0817          2.2068944E+01
tempmax0518          2.2395969E+01
tempmax0618          2.2916014E+01
tempmax0818          2.2053830E+01
tempmax0519          2.1853141E+01
tempmax0619          2.2624488E+01
tempmax0819          2.1857910E+01
tempmax0520          2.1368877E+01
tempmax0620          2.2301149E+01
tempmax0820          2.1582457E+01
tempmax0521          2.0934789E+01
tempmax0621          2.1967211E+01
tempmax0821          2.1282720E+01
tempmax0522          2.0444346E+01
tempmax0622          2.1569538E+01
tempmax0822          2.0922138E+01
tempmax0523          2.0045779E+01
tempmax0623          2.1234595E+01
tempmax0823          2.0615686E+01
pHave0500            7.5261882E+00
pHave0600            7.6503523E+00
pHave0800            7.6704283E+00
pHave0501            7.4968220E+00
pHave0601            7.6283038E+00
pHave0801            7.5794115E+00
pHave0502            7.4766605E+00
pHave0602            7.6114516E+00
pHave0802            7.5218947E+00
pHave0503            7.4593062E+00
pHave0603            7.5958049E+00
pHave0803            7.4767199E+00
pHave0504            7.4455834E+00
pHave0604            7.5825563E+00
pHave0804            7.4441820E+00
pHave0505            7.4357948E+00
pHave0605            7.5723533E+00
pHave0805            7.4228141E+00
pHave0506            7.4301728E+00
pHave0606            7.5639561E+00
pHave0806            7.4133654E+00
pHave0507            7.4863169E+00
pHave0607            7.5732930E+00
pHave0807            7.5707916E+00
pHave0508            8.0337775E+00
pHave0608            7.6305547E+00
pHave0808            8.0827111E+00
pHave0509            9.1035464E+00
pHave0609            7.7217683E+00
pHave0809            8.5764516E+00
pHave0510            9.3025181E+00
pHave0610            7.7713188E+00
pHave0810            8.7249523E+00
pHave0511            9.2868936E+00
pHave0611            7.8029791E+00
pHave0811            8.7755688E+00
pHave0512            9.2056729E+00
pHave0612            7.8255975E+00
pHave0812            8.7981425E+00
pHave0513            9.1038772E+00
pHave0613            7.8375913E+00
pHave0813            8.8015157E+00
pHave0514            9.0094103E+00
pHave0614            7.8428003E+00
pHave0814            8.7977641E+00
pHave0515            8.9127951E+00
pHave0615            7.8429434E+00
pHave0815            8.7891079E+00
pHave0516            8.8249479E+00
pHave0616            7.8397915E+00
pHave0816            8.7802819E+00
pHave0517            8.7321257E+00
pHave0617            7.8354094E+00
pHave0817            8.7691892E+00
pHave0518            8.5831863E+00
pHave0618            7.8262583E+00
pHave0818            8.7452350E+00
pHave0519            8.2780040E+00
pHave0619            7.8082397E+00
pHave0819            8.6832141E+00
pHave0520            7.9324742E+00
pHave0620            7.7785004E+00
pHave0820            8.5430285E+00
pHave0521            7.7264551E+00
pHave0621            7.7397786E+00
pHave0821            8.2727372E+00
pHave0522            7.6223427E+00
pHave0622            7.7045087E+00
pHave0822            7.9921875E+00
pHave0523            7.5665324E+00
pHave0623            7.6765675E+00
pHave0823            7.8059674E+00
pHmin0500            7.5141426E+00
pHmin0600            7.6417537E+00
pHmin0800            7.6320856E+00
pHmin0501            7.4901181E+00
pHmin0601            7.6228887E+00
pHmin0801            7.5596329E+00
pHmin0502            7.4713902E+00
pHmin0602            7.6068433E+00
pHmin0802            7.5076072E+00
pHmin0503            7.4538301E+00
pHmin0603            7.5906588E+00
pHmin0803            7.4632904E+00
pHmin0504            7.4423431E+00
pHmin0604            7.5792850E+00
pHmin0804            7.4368987E+00
pHmin0505            7.4332330E+00
pHmin0605            7.5695534E+00
pHmin0805            7.4174564E+00
pHmin0506            7.4283028E+00
pHmin0606            7.5627004E+00
pHmin0806            7.4081758E+00
pHmin0507            7.4537408E+00
pHmin0607            7.5677294E+00
pHmin0807            7.4840040E+00
pHmin0508            7.6310581E+00
pHmin0608            7.5965180E+00
pHmin0808            7.8717673E+00
pHmin0509            8.9121724E+00
pHmin0609            7.6959491E+00
pHmin0809            8.4759021E+00
pHmin0510            9.2881498E+00
pHmin0610            7.7602633E+00
pHmin0810            8.7013433E+00
pHmin0511            9.2699934E+00
pHmin0611            7.7947472E+00
pHmin0811            8.7650401E+00
pHmin0512            9.1700613E+00
pHmin0612            7.8195149E+00
pHmin0812            8.7935123E+00
pHmin0513            9.0751081E+00
pHmin0613            7.8350169E+00
pHmin0813            8.8010075E+00
pHmin0514            8.9818759E+00
pHmin0614            7.8419629E+00
pHmin0814            8.7959111E+00
pHmin0515            8.8804722E+00
pHmin0615            7.8420756E+00
pHmin0815            8.7859268E+00
pHmin0516            8.8008217E+00
pHmin0616            7.8387484E+00
pHmin0816            8.7775097E+00
pHmin0517            8.6978073E+00
pHmin0617            7.8336427E+00
pHmin0817            8.7648922E+00
pHmin0518            8.5129807E+00
pHmin0618            7.8216612E+00
pHmin0818            8.7317884E+00
pHmin0519            8.1580292E+00
pHmin0619            7.8009328E+00
pHmin0819            8.6546252E+00
pHmin0520            7.8553424E+00
pHmin0620            7.7677801E+00
pHmin0820            8.4803590E+00
pHmin0521            7.6789833E+00
pHmin0621            7.7263095E+00
pHmin0821            8.1637646E+00
pHmin0522            7.6023507E+00
pHmin0622            7.6956152E+00
pHmin0822            7.9268688E+00
pHmin0523            7.5533306E+00
pHmin0623            7.6688372E+00
pHmin0823            7.7615111E+00
pHmax0500            7.5390085E+00
pHmax0600            7.6592375E+00
pHmax0800            7.7116967E+00
pHmax0501            7.5037592E+00
pHmax0601            7.6338373E+00
pHmax0801            7.6000979E+00
pHmax0502            7.4820950E+00
pHmax0602            7.6161595E+00
pHmax0802            7.5367994E+00
pHmax0503            7.4650225E+00
pHmax0603            7.6011109E+00
pHmax0803            7.4909906E+00
pHmax0504            7.4489238E+00
pHmax0604            7.5858964E+00
pHmax0804            7.4517663E+00
pHmax0505            7.4384395E+00
pHmax0605            7.5752111E+00
pHmax0805            7.4283975E+00
pHmax0506            7.4338976E+00
pHmax0606            7.5660638E+00
pHmax0806            7.4258151E+00
pHmax0507            7.5252292E+00
pHmax0607            7.5800187E+00
pHmax0807            7.6714259E+00
pHmax0508            8.4978687E+00
pHmax0608            7.6626576E+00
pHmax0808            8.2874823E+00
pHmax0509            9.2356226E+00
pHmax0609            7.7436356E+00
pHmax0809            8.6552285E+00
pHmax0510            9.3103156E+00
pHmax0610            7.7820006E+00
pHmax0810            8.7458043E+00
pHmax0511            9.3012876E+00
pHmax0611            7.8108077E+00
pHmax0811            8.7849487E+00
pHmax0512            9.2402614E+00
pHmax0612            7.8309489E+00
pHmax0812            8.8012763E+00
pHmax0513            9.1326596E+00
pHmax0613            7.8399154E+00
pHmax0813            8.8018201E+00
pHmax0514            9.0371849E+00
pHmax0614            7.8434460E+00
pHmax0814            8.7994691E+00
pHmax0515            8.9462131E+00
pHmax0615            7.8435647E+00
pHmax0815            8.7927415E+00
pHmax0516            8.8490068E+00
pHmax0616            7.8407842E+00
pHmax0816            8.7829147E+00
pHmax0517            8.7666338E+00
pHmax0617            7.8370528E+00
pHmax0817            8.7731292E+00
pHmax0518            8.6494174E+00
pHmax0618            7.8306594E+00
pHmax0818            8.7573121E+00
pHmax0519            8.3992536E+00
pHmax0619            7.8151453E+00
pHmax0819            8.7093470E+00
pHmax0520            8.0169088E+00
pHmax0620            7.7890964E+00
pHmax0820            8.6009140E+00
pHmax0521            7.7802486E+00
pHmax0621            7.7535083E+00
pHmax0821            8.3809580E+00
pHmax0522            7.6436398E+00
pHmax0622            7.7135611E+00
pHmax0822            8.0605742E+00
pHmax0523            7.5804033E+00
pHmax0623            7.6844462E+00
pHmax0823            7.8528259E+00
